{"check":{"id":"sbvoky3ugb79ap6aisc7","userPhone":"+79179467255","protocol":"http","method":"get","successCode":[200,301],"timeoutSeconds":3,"url":"yandex.ru","state":"down","lastChecked":1633670431590},"outcome":{"error":false,"responseCode":301},"state":"up","alert":true,"time":1633670489607}
{"check":{"id":"sbvoky3ugb79ap6aisc7","userPhone":"+79179467255","protocol":"http","method":"get","successCode":[200,301],"timeoutSeconds":3,"url":"yandex.ru","state":"up","lastChecked":1633670489607},"outcome":{"error":false,"responseCode":301},"state":"up","alert":false,"time":1633670549550}
{"check":{"id":"sbvoky3ugb79ap6aisc7","userPhone":"+79179467255","protocol":"http","method":"get","successCode":[200,301],"timeoutSeconds":3,"url":"yandex.ru","state":"up","lastChecked":1633670549550},"outcome":{"error":false,"responseCode":301},"state":"up","alert":false,"time":1633670609562}
{"check":{"id":"sbvoky3ugb79ap6aisc7","userPhone":"+79179467255","protocol":"http","method":"get","successCode":[200,301],"timeoutSeconds":3,"url":"yandex.ru","state":"up","lastChecked":1633670609562},"outcome":{"error":false,"responseCode":301},"state":"up","alert":false,"time":1633670669568}
{"check":{"id":"sbvoky3ugb79ap6aisc7","userPhone":"+79179467255","protocol":"http","method":"get","successCode":[200,301],"timeoutSeconds":3,"url":"yandex.ru","state":"up","lastChecked":1633670669568},"outcome":{"error":false,"responseCode":301},"state":"up","alert":false,"time":1633670731348}
{"check":{"id":"sbvoky3ugb79ap6aisc7","userPhone":"+79179467255","protocol":"http","method":"get","successCode":[200,301],"timeoutSeconds":3,"url":"yandex.ru","state":"up","lastChecked":1633670731348},"outcome":{"error":false,"responseCode":301},"state":"up","alert":false,"time":1633670789619}
{"check":{"id":"sbvoky3ugb79ap6aisc7","userPhone":"+79179467255","protocol":"http","method":"get","successCode":[200,301],"timeoutSeconds":3,"url":"yandex.ru","state":"up","lastChecked":1633670789619},"outcome":{"error":false,"responseCode":301},"state":"up","alert":false,"time":1633670849574}
{"check":{"id":"sbvoky3ugb79ap6aisc7","userPhone":"+79179467255","protocol":"http","method":"get","successCode":[200,301],"timeoutSeconds":3,"url":"yandex.ru","state":"up","lastChecked":1633670849574},"outcome":{"error":false,"responseCode":301},"state":"up","alert":false,"time":1633670909581}
{"check":{"id":"sbvoky3ugb79ap6aisc7","userPhone":"+79179467255","protocol":"http","method":"get","successCode":[200,301],"timeoutSeconds":3,"url":"yandex.ru","state":"up","lastChecked":1633670909581},"outcome":{"error":false,"responseCode":301},"state":"up","alert":false,"time":1633670969590}
{"check":{"id":"sbvoky3ugb79ap6aisc7","userPhone":"+79179467255","protocol":"http","method":"get","successCode":[200,301],"timeoutSeconds":3,"url":"yandex.ru","state":"up","lastChecked":1633670969590},"outcome":{"error":false,"responseCode":301},"state":"up","alert":false,"time":1633671029592}
{"check":{"id":"sbvoky3ugb79ap6aisc7","userPhone":"+79179467255","protocol":"http","method":"get","successCode":[200,301],"timeoutSeconds":3,"url":"yandex.ru","state":"up","lastChecked":1633671029592},"outcome":{"error":false,"responseCode":301},"state":"up","alert":false,"time":1633671089648}
{"check":{"id":"sbvoky3ugb79ap6aisc7","userPhone":"+79179467255","protocol":"http","method":"get","successCode":[200,301],"timeoutSeconds":3,"url":"yandex.ru","state":"up","lastChecked":1633671089648},"outcome":{"error":false,"responseCode":301},"state":"up","alert":false,"time":1633671149617}
{"check":{"id":"sbvoky3ugb79ap6aisc7","userPhone":"+79179467255","protocol":"http","method":"get","successCode":[200,301],"timeoutSeconds":3,"url":"yandex.ru","state":"up","lastChecked":1633671149617},"outcome":{"error":false,"responseCode":301},"state":"up","alert":false,"time":1633671209599}
{"check":{"id":"sbvoky3ugb79ap6aisc7","userPhone":"+79179467255","protocol":"http","method":"get","successCode":[200,301],"timeoutSeconds":3,"url":"yandex.ru","state":"up","lastChecked":1633671209600},"outcome":{"error":false,"responseCode":301},"state":"up","alert":false,"time":1633671269649}
{"check":{"id":"sbvoky3ugb79ap6aisc7","userPhone":"+79179467255","protocol":"http","method":"get","successCode":[200,301],"timeoutSeconds":3,"url":"yandex.ru","state":"up","lastChecked":1633671269649},"outcome":{"error":false,"responseCode":301},"state":"up","alert":false,"time":1633671329609}
{"check":{"id":"sbvoky3ugb79ap6aisc7","userPhone":"+79179467255","protocol":"http","method":"get","successCode":[200,301],"timeoutSeconds":3,"url":"yandex.ru","state":"up","lastChecked":1633671329609},"outcome":{"error":false,"responseCode":301},"state":"up","alert":false,"time":1633671389647}
{"check":{"id":"sbvoky3ugb79ap6aisc7","userPhone":"+79179467255","protocol":"http","method":"get","successCode":[200,301],"timeoutSeconds":3,"url":"yandex.ru","state":"up","lastChecked":1633671389647},"outcome":{"error":false,"responseCode":301},"state":"up","alert":false,"time":1633671449645}
{"check":{"id":"sbvoky3ugb79ap6aisc7","userPhone":"+79179467255","protocol":"http","method":"get","successCode":[200,301],"timeoutSeconds":3,"url":"yandex.ru","state":"up","lastChecked":1633671449645},"outcome":{"error":false,"responseCode":301},"state":"up","alert":false,"time":1633671509615}
{"check":{"id":"sbvoky3ugb79ap6aisc7","userPhone":"+79179467255","protocol":"http","method":"get","successCode":[200,301],"timeoutSeconds":3,"url":"yandex.ru","state":"up","lastChecked":1633671509615},"outcome":{"error":false,"responseCode":301},"state":"up","alert":false,"time":1633671569667}
{"check":{"id":"sbvoky3ugb79ap6aisc7","userPhone":"+79179467255","protocol":"http","method":"get","successCode":[200,301],"timeoutSeconds":3,"url":"yandex.ru","state":"up","lastChecked":1633671569667},"outcome":{"error":false,"responseCode":301},"state":"up","alert":false,"time":1633671629637}
{"check":{"id":"sbvoky3ugb79ap6aisc7","userPhone":"+79179467255","protocol":"http","method":"get","successCode":[200,301],"timeoutSeconds":3,"url":"yandex.ru","state":"up","lastChecked":1633671629637},"outcome":{"error":false,"responseCode":301},"state":"up","alert":false,"time":1633671689691}
{"check":{"id":"sbvoky3ugb79ap6aisc7","userPhone":"+79179467255","protocol":"http","method":"get","successCode":[200,301],"timeoutSeconds":3,"url":"yandex.ru","state":"up","lastChecked":1633671689691},"outcome":{"error":false,"responseCode":301},"state":"up","alert":false,"time":1633671749693}
{"check":{"id":"sbvoky3ugb79ap6aisc7","userPhone":"+79179467255","protocol":"http","method":"get","successCode":[200,301],"timeoutSeconds":3,"url":"yandex.ru","state":"up","lastChecked":1633671749693},"outcome":{"error":false,"responseCode":301},"state":"up","alert":false,"time":1633671809679}
{"check":{"id":"sbvoky3ugb79ap6aisc7","userPhone":"+79179467255","protocol":"http","method":"get","successCode":[200,301],"timeoutSeconds":3,"url":"yandex.ru","state":"up","lastChecked":1633671809679},"outcome":{"error":false,"responseCode":301},"state":"up","alert":false,"time":1633671869731}
{"check":{"id":"sbvoky3ugb79ap6aisc7","userPhone":"+79179467255","protocol":"http","method":"get","successCode":[200,301],"timeoutSeconds":3,"url":"yandex.ru","state":"up","lastChecked":1633671869731},"outcome":{"error":false,"responseCode":301},"state":"up","alert":false,"time":1633671930072}
{"check":{"id":"sbvoky3ugb79ap6aisc7","userPhone":"+79179467255","protocol":"http","method":"get","successCode":[200,301],"timeoutSeconds":3,"url":"yandex.ru","state":"up","lastChecked":1633671930072},"outcome":{"error":false,"responseCode":301},"state":"up","alert":false,"time":1633671989679}
{"check":{"id":"sbvoky3ugb79ap6aisc7","userPhone":"+79179467255","protocol":"http","method":"get","successCode":[200,301],"timeoutSeconds":3,"url":"yandex.ru","state":"up","lastChecked":1633671989679},"outcome":{"error":false,"responseCode":301},"state":"up","alert":false,"time":1633672049667}
{"check":{"id":"sbvoky3ugb79ap6aisc7","userPhone":"+79179467255","protocol":"http","method":"get","successCode":[200,301],"timeoutSeconds":3,"url":"yandex.ru","state":"up","lastChecked":1633672049668},"outcome":{"error":false,"responseCode":301},"state":"up","alert":false,"time":1633672109701}
{"check":{"id":"sbvoky3ugb79ap6aisc7","userPhone":"+79179467255","protocol":"http","method":"get","successCode":[200,301],"timeoutSeconds":3,"url":"yandex.ru","state":"up","lastChecked":1633672109701},"outcome":{"error":false,"responseCode":301},"state":"up","alert":false,"time":1633672169763}
{"check":{"id":"sbvoky3ugb79ap6aisc7","userPhone":"+79179467255","protocol":"http","method":"get","successCode":[200,301],"timeoutSeconds":3,"url":"yandex.ru","state":"up","lastChecked":1633672169763},"outcome":{"error":false,"responseCode":301},"state":"up","alert":false,"time":1633672229682}
{"check":{"id":"sbvoky3ugb79ap6aisc7","userPhone":"+79179467255","protocol":"http","method":"get","successCode":[200,301],"timeoutSeconds":3,"url":"yandex.ru","state":"up","lastChecked":1633672229682},"outcome":{"error":false,"responseCode":301},"state":"up","alert":false,"time":1633672291132}
{"check":{"id":"sbvoky3ugb79ap6aisc7","userPhone":"+79179467255","protocol":"http","method":"get","successCode":[200,301],"timeoutSeconds":3,"url":"yandex.ru","state":"up","lastChecked":1633672291132},"outcome":{"error":false,"responseCode":301},"state":"up","alert":false,"time":1633672349724}
{"check":{"id":"sbvoky3ugb79ap6aisc7","userPhone":"+79179467255","protocol":"http","method":"get","successCode":[200,301],"timeoutSeconds":3,"url":"yandex.ru","state":"up","lastChecked":1633672349724},"outcome":{"error":false,"responseCode":301},"state":"up","alert":false,"time":1633672410129}
{"check":{"id":"sbvoky3ugb79ap6aisc7","userPhone":"+79179467255","protocol":"http","method":"get","successCode":[200,301],"timeoutSeconds":3,"url":"yandex.ru","state":"up","lastChecked":1633672410129},"outcome":{"error":false,"responseCode":301},"state":"up","alert":false,"time":1633672469744}
{"check":{"id":"sbvoky3ugb79ap6aisc7","userPhone":"+79179467255","protocol":"http","method":"get","successCode":[200,301],"timeoutSeconds":3,"url":"yandex.ru","state":"up","lastChecked":1633672469744},"outcome":{"error":false,"responseCode":301},"state":"up","alert":false,"time":1633672529752}
{"check":{"id":"sbvoky3ugb79ap6aisc7","userPhone":"+79179467255","protocol":"http","method":"get","successCode":[200,301],"timeoutSeconds":3,"url":"yandex.ru","state":"up","lastChecked":1633672529752},"outcome":{"error":false,"responseCode":301},"state":"up","alert":false,"time":1633672589712}
{"check":{"id":"sbvoky3ugb79ap6aisc7","userPhone":"+79179467255","protocol":"http","method":"get","successCode":[200,301],"timeoutSeconds":3,"url":"yandex.ru","state":"up","lastChecked":1633672589712},"outcome":{"error":false,"responseCode":301},"state":"up","alert":false,"time":1633672649754}
{"check":{"id":"sbvoky3ugb79ap6aisc7","userPhone":"+79179467255","protocol":"http","method":"get","successCode":[200,301],"timeoutSeconds":3,"url":"yandex.ru","state":"up","lastChecked":1633672649754},"outcome":{"error":false,"responseCode":301},"state":"up","alert":false,"time":1633672709840}
{"check":{"id":"sbvoky3ugb79ap6aisc7","userPhone":"+79179467255","protocol":"http","method":"get","successCode":[200,301],"timeoutSeconds":3,"url":"yandex.ru","state":"up","lastChecked":1633672709840},"outcome":{"error":false,"responseCode":301},"state":"up","alert":false,"time":1633672769773}
{"check":{"id":"sbvoky3ugb79ap6aisc7","userPhone":"+79179467255","protocol":"http","method":"get","successCode":[200,301],"timeoutSeconds":3,"url":"yandex.ru","state":"up","lastChecked":1633672769774},"outcome":{"error":false,"responseCode":301},"state":"up","alert":false,"time":1633672829739}
{"check":{"id":"sbvoky3ugb79ap6aisc7","userPhone":"+79179467255","protocol":"http","method":"get","successCode":[200,301],"timeoutSeconds":3,"url":"yandex.ru","state":"up","lastChecked":1633672829739},"outcome":{"error":false,"responseCode":301},"state":"up","alert":false,"time":1633672889745}
{"check":{"id":"sbvoky3ugb79ap6aisc7","userPhone":"+79179467255","protocol":"http","method":"get","successCode":[200,301],"timeoutSeconds":3,"url":"yandex.ru","state":"up","lastChecked":1633672889745},"outcome":{"error":false,"responseCode":301},"state":"up","alert":false,"time":1633672949785}
{"check":{"id":"sbvoky3ugb79ap6aisc7","userPhone":"+79179467255","protocol":"http","method":"get","successCode":[200,301],"timeoutSeconds":3,"url":"yandex.ru","state":"up","lastChecked":1633672949785},"outcome":{"error":false,"responseCode":301},"state":"up","alert":false,"time":1633673009721}
{"check":{"id":"sbvoky3ugb79ap6aisc7","userPhone":"+79179467255","protocol":"http","method":"get","successCode":[200,301],"timeoutSeconds":3,"url":"yandex.ru","state":"up","lastChecked":1633673009722},"outcome":{"error":false,"responseCode":301},"state":"up","alert":false,"time":1633673069816}
{"check":{"id":"sbvoky3ugb79ap6aisc7","userPhone":"+79179467255","protocol":"http","method":"get","successCode":[200,301],"timeoutSeconds":3,"url":"yandex.ru","state":"up","lastChecked":1633673069817},"outcome":{"error":false,"responseCode":301},"state":"up","alert":false,"time":1633673129763}
{"check":{"id":"sbvoky3ugb79ap6aisc7","userPhone":"+79179467255","protocol":"http","method":"get","successCode":[200,301],"timeoutSeconds":3,"url":"yandex.ru","state":"up","lastChecked":1633673129763},"outcome":{"error":false,"responseCode":301},"state":"up","alert":false,"time":1633673189732}
{"check":{"id":"sbvoky3ugb79ap6aisc7","userPhone":"+79179467255","protocol":"http","method":"get","successCode":[200,301],"timeoutSeconds":3,"url":"yandex.ru","state":"up","lastChecked":1633673189732},"outcome":{"error":false,"responseCode":301},"state":"up","alert":false,"time":1633673249744}
{"check":{"id":"sbvoky3ugb79ap6aisc7","userPhone":"+79179467255","protocol":"http","method":"get","successCode":[200,301],"timeoutSeconds":3,"url":"yandex.ru","state":"up","lastChecked":1633673249744},"outcome":{"error":false,"responseCode":301},"state":"up","alert":false,"time":1633673309749}
{"check":{"id":"sbvoky3ugb79ap6aisc7","userPhone":"+79179467255","protocol":"http","method":"get","successCode":[200,301],"timeoutSeconds":3,"url":"yandex.ru","state":"up","lastChecked":1633673309749},"outcome":{"error":false,"responseCode":301},"state":"up","alert":false,"time":1633673370048}
{"check":{"id":"sbvoky3ugb79ap6aisc7","userPhone":"+79179467255","protocol":"http","method":"get","successCode":[200,301],"timeoutSeconds":3,"url":"yandex.ru","state":"up","lastChecked":1633673370048},"outcome":{"error":false,"responseCode":301},"state":"up","alert":false,"time":1633673431005}
{"check":{"id":"sbvoky3ugb79ap6aisc7","userPhone":"+79179467255","protocol":"http","method":"get","successCode":[200,301],"timeoutSeconds":3,"url":"yandex.ru","state":"up","lastChecked":1633673431005},"outcome":{"error":false,"responseCode":301},"state":"up","alert":false,"time":1633673490322}
{"check":{"id":"sbvoky3ugb79ap6aisc7","userPhone":"+79179467255","protocol":"http","method":"get","successCode":[200,301],"timeoutSeconds":3,"url":"yandex.ru","state":"up","lastChecked":1633673490322},"outcome":{"error":false,"responseCode":301},"state":"up","alert":false,"time":1633673550095}
{"check":{"id":"sbvoky3ugb79ap6aisc7","userPhone":"+79179467255","protocol":"http","method":"get","successCode":[200,301],"timeoutSeconds":3,"url":"yandex.ru","state":"up","lastChecked":1633673550095},"outcome":{"error":false,"responseCode":301},"state":"up","alert":false,"time":1633673609833}
{"check":{"id":"sbvoky3ugb79ap6aisc7","userPhone":"+79179467255","protocol":"http","method":"get","successCode":[200,301],"timeoutSeconds":3,"url":"yandex.ru","state":"up","lastChecked":1633673609833},"outcome":{"error":false,"responseCode":301},"state":"up","alert":false,"time":1633673669890}
{"check":{"id":"sbvoky3ugb79ap6aisc7","userPhone":"+79179467255","protocol":"http","method":"get","successCode":[200,301],"timeoutSeconds":3,"url":"yandex.ru","state":"up","lastChecked":1633673669890},"outcome":{"error":false,"responseCode":301},"state":"up","alert":false,"time":1633673729924}
{"check":{"id":"sbvoky3ugb79ap6aisc7","userPhone":"+79179467255","protocol":"http","method":"get","successCode":[200,301],"timeoutSeconds":3,"url":"yandex.ru","state":"up","lastChecked":1633673729924},"outcome":{"error":false,"responseCode":301},"state":"up","alert":false,"time":1633673789829}
{"check":{"id":"sbvoky3ugb79ap6aisc7","userPhone":"+79179467255","protocol":"http","method":"get","successCode":[200,301],"timeoutSeconds":3,"url":"yandex.ru","state":"up","lastChecked":1633673789829},"outcome":{"error":false,"responseCode":302},"state":"down","alert":true,"time":1633673849806}
{"check":{"id":"sbvoky3ugb79ap6aisc7","userPhone":"+79179467255","protocol":"http","method":"get","successCode":[200,301],"timeoutSeconds":3,"url":"yandex.ru","state":"down","lastChecked":1633673849806},"outcome":{"error":false,"responseCode":302},"state":"down","alert":false,"time":1633673909801}
{"check":{"id":"sbvoky3ugb79ap6aisc7","userPhone":"+79179467255","protocol":"http","method":"get","successCode":[200,301],"timeoutSeconds":3,"url":"yandex.ru","state":"down","lastChecked":1633673909801},"outcome":{"error":false,"responseCode":301},"state":"up","alert":true,"time":1633673969841}
{"check":{"id":"sbvoky3ugb79ap6aisc7","userPhone":"+79179467255","protocol":"http","method":"get","successCode":[200,301],"timeoutSeconds":3,"url":"yandex.ru","state":"up","lastChecked":1633673969841},"outcome":{"error":false,"responseCode":301},"state":"up","alert":false,"time":1633674030613}
{"check":{"id":"sbvoky3ugb79ap6aisc7","userPhone":"+79179467255","protocol":"http","method":"get","successCode":[200,301],"timeoutSeconds":3,"url":"yandex.ru","state":"up","lastChecked":1633674030613},"outcome":{"error":false,"responseCode":301},"state":"up","alert":false,"time":1633674092585}
{"check":{"id":"sbvoky3ugb79ap6aisc7","userPhone":"+79179467255","protocol":"http","method":"get","successCode":[200,301],"timeoutSeconds":3,"url":"yandex.ru","state":"up","lastChecked":1633674092585},"outcome":{"error":false,"responseCode":301},"state":"up","alert":false,"time":1633674150333}
{"check":{"id":"sbvoky3ugb79ap6aisc7","userPhone":"+79179467255","protocol":"http","method":"get","successCode":[200,301],"timeoutSeconds":3,"url":"yandex.ru","state":"up","lastChecked":1633674150333},"outcome":{"error":{"error":true,"value":{"errno":-3008,"code":"ENOTFOUND","syscall":"getaddrinfo","hostname":"yandex.ru"}},"responseCode":false},"state":"down","alert":true,"time":1633674209730}
{"check":{"id":"sbvoky3ugb79ap6aisc7","userPhone":"+79179467255","protocol":"http","method":"get","successCode":[200,301],"timeoutSeconds":3,"url":"yandex.ru","state":"down","lastChecked":1633674209730},"outcome":{"error":false,"responseCode":302},"state":"down","alert":false,"time":1633674269845}
{"check":{"id":"sbvoky3ugb79ap6aisc7","userPhone":"+79179467255","protocol":"http","method":"get","successCode":[200,301],"timeoutSeconds":3,"url":"yandex.ru","state":"down","lastChecked":1633674269845},"outcome":{"error":false,"responseCode":301},"state":"up","alert":true,"time":1633674329939}
{"check":{"id":"sbvoky3ugb79ap6aisc7","userPhone":"+79179467255","protocol":"http","method":"get","successCode":[200,301],"timeoutSeconds":3,"url":"yandex.ru","state":"up","lastChecked":1633674329939},"outcome":{"error":false,"responseCode":301},"state":"up","alert":false,"time":1633674389806}
{"check":{"id":"sbvoky3ugb79ap6aisc7","userPhone":"+79179467255","protocol":"http","method":"get","successCode":[200,301],"timeoutSeconds":3,"url":"yandex.ru","state":"up","lastChecked":1633674389806},"outcome":{"error":false,"responseCode":301},"state":"up","alert":false,"time":1633674449858}
{"check":{"id":"sbvoky3ugb79ap6aisc7","userPhone":"+79179467255","protocol":"http","method":"get","successCode":[200,301],"timeoutSeconds":3,"url":"yandex.ru","state":"up","lastChecked":1633674449858},"outcome":{"error":false,"responseCode":301},"state":"up","alert":false,"time":1633674509961}
{"check":{"id":"sbvoky3ugb79ap6aisc7","userPhone":"+79179467255","protocol":"http","method":"get","successCode":[200,301],"timeoutSeconds":3,"url":"yandex.ru","state":"up","lastChecked":1633674509961},"outcome":{"error":false,"responseCode":301},"state":"up","alert":false,"time":1633674569845}
{"check":{"id":"sbvoky3ugb79ap6aisc7","userPhone":"+79179467255","protocol":"http","method":"get","successCode":[200,301],"timeoutSeconds":3,"url":"yandex.ru","state":"up","lastChecked":1633674569845},"outcome":{"error":false,"responseCode":301},"state":"up","alert":false,"time":1633674629801}
{"check":{"id":"sbvoky3ugb79ap6aisc7","userPhone":"+79179467255","protocol":"http","method":"get","successCode":[200,301],"timeoutSeconds":3,"url":"yandex.ru","state":"up","lastChecked":1633674629801},"outcome":{"error":false,"responseCode":301},"state":"up","alert":false,"time":1633674690842}
{"check":{"id":"sbvoky3ugb79ap6aisc7","userPhone":"+79179467255","protocol":"http","method":"get","successCode":[200,301],"timeoutSeconds":3,"url":"yandex.ru","state":"up","lastChecked":1633674690842},"outcome":{"error":false,"responseCode":302},"state":"down","alert":true,"time":1633674749980}
{"check":{"id":"sbvoky3ugb79ap6aisc7","userPhone":"+79179467255","protocol":"http","method":"get","successCode":[200,301],"timeoutSeconds":3,"url":"yandex.ru","state":"down","lastChecked":1633674749980},"outcome":{"error":false,"responseCode":301},"state":"up","alert":true,"time":1633674810063}
{"check":{"id":"sbvoky3ugb79ap6aisc7","userPhone":"+79179467255","protocol":"http","method":"get","successCode":[200,301],"timeoutSeconds":3,"url":"yandex.ru","state":"up","lastChecked":1633674810063},"outcome":{"error":false,"responseCode":301},"state":"up","alert":false,"time":1633674870573}
{"check":{"id":"sbvoky3ugb79ap6aisc7","userPhone":"+79179467255","protocol":"http","method":"get","successCode":[200,301],"timeoutSeconds":3,"url":"yandex.ru","state":"up","lastChecked":1633674870573},"outcome":{"error":false,"responseCode":302},"state":"down","alert":true,"time":1633674929866}
{"check":{"id":"sbvoky3ugb79ap6aisc7","userPhone":"+79179467255","protocol":"http","method":"get","successCode":[200,301],"timeoutSeconds":3,"url":"yandex.ru","state":"down","lastChecked":1633674929866},"outcome":{"error":false,"responseCode":302},"state":"down","alert":false,"time":1633674989833}
{"check":{"id":"sbvoky3ugb79ap6aisc7","userPhone":"+79179467255","protocol":"http","method":"get","successCode":[200,301],"timeoutSeconds":3,"url":"yandex.ru","state":"down","lastChecked":1633674989833},"outcome":{"error":false,"responseCode":302},"state":"down","alert":false,"time":1633675049822}
{"check":{"id":"sbvoky3ugb79ap6aisc7","userPhone":"+79179467255","protocol":"http","method":"get","successCode":[200,301],"timeoutSeconds":3,"url":"yandex.ru","state":"down","lastChecked":1633675049822},"outcome":{"error":false,"responseCode":302},"state":"down","alert":false,"time":1633675110312}
{"check":{"id":"sbvoky3ugb79ap6aisc7","userPhone":"+79179467255","protocol":"http","method":"get","successCode":[200,301],"timeoutSeconds":3,"url":"yandex.ru","state":"down","lastChecked":1633675110312},"outcome":{"error":false,"responseCode":301},"state":"up","alert":true,"time":1633675170040}
{"check":{"id":"sbvoky3ugb79ap6aisc7","userPhone":"+79179467255","protocol":"http","method":"get","successCode":[200,301],"timeoutSeconds":3,"url":"yandex.ru","state":"up","lastChecked":1633675170040},"outcome":{"error":false,"responseCode":301},"state":"up","alert":false,"time":1633675229844}
{"check":{"id":"sbvoky3ugb79ap6aisc7","userPhone":"+79179467255","protocol":"http","method":"get","successCode":[200,301],"timeoutSeconds":3,"url":"yandex.ru","state":"up","lastChecked":1633675229852},"outcome":{"error":false,"responseCode":301},"state":"up","alert":false,"time":1633675289864}
{"check":{"id":"sbvoky3ugb79ap6aisc7","userPhone":"+79179467255","protocol":"http","method":"get","successCode":[200,301],"timeoutSeconds":3,"url":"yandex.ru","state":"up","lastChecked":1633675289865},"outcome":{"error":false,"responseCode":301},"state":"up","alert":false,"time":1633675349976}
{"check":{"id":"sbvoky3ugb79ap6aisc7","userPhone":"+79179467255","protocol":"http","method":"get","successCode":[200,301],"timeoutSeconds":3,"url":"yandex.ru","state":"up","lastChecked":1633675349976},"outcome":{"error":false,"responseCode":302},"state":"down","alert":true,"time":1633675409835}
{"check":{"id":"sbvoky3ugb79ap6aisc7","userPhone":"+79179467255","protocol":"http","method":"get","successCode":[200,301],"timeoutSeconds":3,"url":"yandex.ru","state":"down","lastChecked":1633675409835},"outcome":{"error":false,"responseCode":302},"state":"down","alert":false,"time":1633675469897}
{"check":{"id":"sbvoky3ugb79ap6aisc7","userPhone":"+79179467255","protocol":"http","method":"get","successCode":[200,301],"timeoutSeconds":3,"url":"yandex.ru","state":"down","lastChecked":1633675469897},"outcome":{"error":false,"responseCode":302},"state":"down","alert":false,"time":1633675529942}
{"check":{"id":"sbvoky3ugb79ap6aisc7","userPhone":"+79179467255","protocol":"http","method":"get","successCode":[200,301],"timeoutSeconds":3,"url":"yandex.ru","state":"down","lastChecked":1633675529942},"outcome":{"error":false,"responseCode":302},"state":"down","alert":false,"time":1633675589867}
{"check":{"id":"sbvoky3ugb79ap6aisc7","userPhone":"+79179467255","protocol":"http","method":"get","successCode":[200,301],"timeoutSeconds":3,"url":"yandex.ru","state":"down","lastChecked":1633675589867},"outcome":{"error":false,"responseCode":302},"state":"down","alert":false,"time":1633675649951}
{"check":{"id":"sbvoky3ugb79ap6aisc7","userPhone":"+79179467255","protocol":"http","method":"get","successCode":[200,301],"timeoutSeconds":3,"url":"yandex.ru","state":"down","lastChecked":1633675649951},"outcome":{"error":false,"responseCode":302},"state":"down","alert":false,"time":1633675709900}
{"check":{"id":"sbvoky3ugb79ap6aisc7","userPhone":"+79179467255","protocol":"http","method":"get","successCode":[200,301],"timeoutSeconds":3,"url":"yandex.ru","state":"down","lastChecked":1633675709900},"outcome":{"error":false,"responseCode":302},"state":"down","alert":false,"time":1633675770139}
{"check":{"id":"sbvoky3ugb79ap6aisc7","userPhone":"+79179467255","protocol":"http","method":"get","successCode":[200,301],"timeoutSeconds":3,"url":"yandex.ru","state":"down","lastChecked":1633675770139},"outcome":{"error":false,"responseCode":302},"state":"down","alert":false,"time":1633675829920}
{"check":{"id":"sbvoky3ugb79ap6aisc7","userPhone":"+79179467255","protocol":"http","method":"get","successCode":[200,301],"timeoutSeconds":3,"url":"yandex.ru","state":"down","lastChecked":1633675829920},"outcome":{"error":false,"responseCode":302},"state":"down","alert":false,"time":1633675889933}
{"check":{"id":"sbvoky3ugb79ap6aisc7","userPhone":"+79179467255","protocol":"http","method":"get","successCode":[200,301],"timeoutSeconds":3,"url":"yandex.ru","state":"down","lastChecked":1633675889933},"outcome":{"error":false,"responseCode":302},"state":"down","alert":false,"time":1633675951892}
{"check":{"id":"sbvoky3ugb79ap6aisc7","userPhone":"+79179467255","protocol":"http","method":"get","successCode":[200,301],"timeoutSeconds":3,"url":"yandex.ru","state":"down","lastChecked":1633675951892},"outcome":{"error":false,"responseCode":302},"state":"down","alert":false,"time":1633676011914}
{"check":{"id":"sbvoky3ugb79ap6aisc7","userPhone":"+79179467255","protocol":"http","method":"get","successCode":[200,301],"timeoutSeconds":3,"url":"yandex.ru","state":"down","lastChecked":1633676011914},"outcome":{"error":false,"responseCode":302},"state":"down","alert":false,"time":1633676071914}
{"check":{"id":"sbvoky3ugb79ap6aisc7","userPhone":"+79179467255","protocol":"http","method":"get","successCode":[200,301],"timeoutSeconds":3,"url":"yandex.ru","state":"down","lastChecked":1633676071914},"outcome":{"error":false,"responseCode":302},"state":"down","alert":false,"time":1633676131852}
{"check":{"id":"sbvoky3ugb79ap6aisc7","userPhone":"+79179467255","protocol":"http","method":"get","successCode":[200,301],"timeoutSeconds":3,"url":"yandex.ru","state":"down","lastChecked":1633676131853},"outcome":{"error":false,"responseCode":301},"state":"up","alert":true,"time":1633676191872}
{"check":{"id":"sbvoky3ugb79ap6aisc7","userPhone":"+79179467255","protocol":"http","method":"get","successCode":[200,301],"timeoutSeconds":3,"url":"yandex.ru","state":"up","lastChecked":1633676191872},"outcome":{"error":false,"responseCode":301},"state":"up","alert":false,"time":1633676251900}
{"check":{"id":"sbvoky3ugb79ap6aisc7","userPhone":"+79179467255","protocol":"http","method":"get","successCode":[200,301],"timeoutSeconds":3,"url":"yandex.ru","state":"up","lastChecked":1633676251900},"outcome":{"error":false,"responseCode":301},"state":"up","alert":false,"time":1633676311931}
{"check":{"id":"sbvoky3ugb79ap6aisc7","userPhone":"+79179467255","protocol":"http","method":"get","successCode":[200,301],"timeoutSeconds":3,"url":"yandex.ru","state":"up","lastChecked":1633676311931},"outcome":{"error":false,"responseCode":301},"state":"up","alert":false,"time":1633676371946}
{"check":{"id":"sbvoky3ugb79ap6aisc7","userPhone":"+79179467255","protocol":"http","method":"get","successCode":[200,301],"timeoutSeconds":3,"url":"yandex.ru","state":"up","lastChecked":1633676371946},"outcome":{"error":false,"responseCode":301},"state":"up","alert":false,"time":1633676431900}
{"check":{"id":"sbvoky3ugb79ap6aisc7","userPhone":"+79179467255","protocol":"http","method":"get","successCode":[200,301],"timeoutSeconds":3,"url":"yandex.ru","state":"up","lastChecked":1633676431900},"outcome":{"error":false,"responseCode":302},"state":"down","alert":true,"time":1633676491886}
{"check":{"id":"sbvoky3ugb79ap6aisc7","userPhone":"+79179467255","protocol":"http","method":"get","successCode":[200,301],"timeoutSeconds":3,"url":"yandex.ru","state":"down","lastChecked":1633676491886},"outcome":{"error":false,"responseCode":301},"state":"up","alert":true,"time":1633676551917}
{"check":{"id":"sbvoky3ugb79ap6aisc7","userPhone":"+79179467255","protocol":"http","method":"get","successCode":[200,301],"timeoutSeconds":3,"url":"yandex.ru","state":"up","lastChecked":1633676551917},"outcome":{"error":false,"responseCode":301},"state":"up","alert":false,"time":1633676611996}
{"check":{"id":"sbvoky3ugb79ap6aisc7","userPhone":"+79179467255","protocol":"http","method":"get","successCode":[200,301],"timeoutSeconds":3,"url":"yandex.ru","state":"up","lastChecked":1633676611996},"outcome":{"error":false,"responseCode":302},"state":"down","alert":true,"time":1633676671921}
{"check":{"id":"sbvoky3ugb79ap6aisc7","userPhone":"+79179467255","protocol":"http","method":"get","successCode":[200,301],"timeoutSeconds":3,"url":"yandex.ru","state":"down","lastChecked":1633676671921},"outcome":{"error":false,"responseCode":301},"state":"up","alert":true,"time":1633676732273}
{"check":{"id":"sbvoky3ugb79ap6aisc7","userPhone":"+79179467255","protocol":"http","method":"get","successCode":[200,301],"timeoutSeconds":3,"url":"yandex.ru","state":"up","lastChecked":1633676732273},"outcome":{"error":false,"responseCode":301},"state":"up","alert":false,"time":1633676791941}
{"check":{"id":"sbvoky3ugb79ap6aisc7","userPhone":"+79179467255","protocol":"http","method":"get","successCode":[200,301],"timeoutSeconds":3,"url":"yandex.ru","state":"up","lastChecked":1633676791941},"outcome":{"error":false,"responseCode":301},"state":"up","alert":false,"time":1633676852027}
{"check":{"id":"sbvoky3ugb79ap6aisc7","userPhone":"+79179467255","protocol":"http","method":"get","successCode":[200,301],"timeoutSeconds":3,"url":"yandex.ru","state":"up","lastChecked":1633676852027},"outcome":{"error":false,"responseCode":302},"state":"down","alert":true,"time":1633676912060}
{"check":{"id":"sbvoky3ugb79ap6aisc7","userPhone":"+79179467255","protocol":"http","method":"get","successCode":[200,301],"timeoutSeconds":3,"url":"yandex.ru","state":"down","lastChecked":1633676912060},"outcome":{"error":false,"responseCode":302},"state":"down","alert":false,"time":1633676972162}
{"check":{"id":"sbvoky3ugb79ap6aisc7","userPhone":"+79179467255","protocol":"http","method":"get","successCode":[200,301],"timeoutSeconds":3,"url":"yandex.ru","state":"down","lastChecked":1633676972162},"outcome":{"error":false,"responseCode":302},"state":"down","alert":false,"time":1633677032052}
{"check":{"id":"sbvoky3ugb79ap6aisc7","userPhone":"+79179467255","protocol":"http","method":"get","successCode":[200,301],"timeoutSeconds":3,"url":"yandex.ru","state":"down","lastChecked":1633677032052},"outcome":{"error":false,"responseCode":302},"state":"down","alert":false,"time":1633677092231}
{"check":{"id":"sbvoky3ugb79ap6aisc7","userPhone":"+79179467255","protocol":"http","method":"get","successCode":[200,301],"timeoutSeconds":3,"url":"yandex.ru","state":"down","lastChecked":1633677092231},"outcome":{"error":false,"responseCode":302},"state":"down","alert":false,"time":1633677151960}
{"check":{"id":"sbvoky3ugb79ap6aisc7","userPhone":"+79179467255","protocol":"http","method":"get","successCode":[200,301],"timeoutSeconds":3,"url":"yandex.ru","state":"down","lastChecked":1633677151961},"outcome":{"error":false,"responseCode":302},"state":"down","alert":false,"time":1633677212530}
{"check":{"id":"sbvoky3ugb79ap6aisc7","userPhone":"+79179467255","protocol":"http","method":"get","successCode":[200,301],"timeoutSeconds":3,"url":"yandex.ru","state":"down","lastChecked":1633677212530},"outcome":{"error":{"error":true,"value":"timeout"},"responseCode":false},"state":"down","alert":false,"time":1633677274920}
{"check":{"id":"sbvoky3ugb79ap6aisc7","userPhone":"+79179467255","protocol":"http","method":"get","successCode":[200,301],"timeoutSeconds":3,"url":"yandex.ru","state":"down","lastChecked":1633677274920},"outcome":{"error":false,"responseCode":302},"state":"down","alert":false,"time":1633677333366}
{"check":{"id":"sbvoky3ugb79ap6aisc7","userPhone":"+79179467255","protocol":"http","method":"get","successCode":[200,301],"timeoutSeconds":3,"url":"yandex.ru","state":"down","lastChecked":1633677333366},"outcome":{"error":false,"responseCode":302},"state":"down","alert":false,"time":1633677391990}
{"check":{"id":"sbvoky3ugb79ap6aisc7","userPhone":"+79179467255","protocol":"http","method":"get","successCode":[200,301],"timeoutSeconds":3,"url":"yandex.ru","state":"down","lastChecked":1633677391990},"outcome":{"error":false,"responseCode":302},"state":"down","alert":false,"time":1633677452315}
{"check":{"id":"sbvoky3ugb79ap6aisc7","userPhone":"+79179467255","protocol":"http","method":"get","successCode":[200,301],"timeoutSeconds":3,"url":"yandex.ru","state":"down","lastChecked":1633677452315},"outcome":{"error":false,"responseCode":302},"state":"down","alert":false,"time":1633677512059}
{"check":{"id":"sbvoky3ugb79ap6aisc7","userPhone":"+79179467255","protocol":"http","method":"get","successCode":[200,301],"timeoutSeconds":3,"url":"yandex.ru","state":"down","lastChecked":1633677512059},"outcome":{"error":false,"responseCode":302},"state":"down","alert":false,"time":1633677572009}
{"check":{"id":"sbvoky3ugb79ap6aisc7","userPhone":"+79179467255","protocol":"http","method":"get","successCode":[200,301],"timeoutSeconds":3,"url":"yandex.ru","state":"down","lastChecked":1633677572009},"outcome":{"error":false,"responseCode":302},"state":"down","alert":false,"time":1633677632264}
{"check":{"id":"sbvoky3ugb79ap6aisc7","userPhone":"+79179467255","protocol":"http","method":"get","successCode":[200,301],"timeoutSeconds":3,"url":"yandex.ru","state":"down","lastChecked":1633677632264},"outcome":{"error":false,"responseCode":302},"state":"down","alert":false,"time":1633677692161}
{"check":{"id":"sbvoky3ugb79ap6aisc7","userPhone":"+79179467255","protocol":"http","method":"get","successCode":[200,301],"timeoutSeconds":3,"url":"yandex.ru","state":"down","lastChecked":1633677692161},"outcome":{"error":false,"responseCode":302},"state":"down","alert":false,"time":1633677752090}
{"check":{"id":"sbvoky3ugb79ap6aisc7","userPhone":"+79179467255","protocol":"http","method":"get","successCode":[200,301],"timeoutSeconds":3,"url":"yandex.ru","state":"down","lastChecked":1633677752090},"outcome":{"error":false,"responseCode":302},"state":"down","alert":false,"time":1633677812056}
{"check":{"id":"sbvoky3ugb79ap6aisc7","userPhone":"+79179467255","protocol":"http","method":"get","successCode":[200,301],"timeoutSeconds":3,"url":"yandex.ru","state":"down","lastChecked":1633677812056},"outcome":{"error":false,"responseCode":301},"state":"up","alert":true,"time":1633677872744}
{"check":{"id":"sbvoky3ugb79ap6aisc7","userPhone":"+79179467255","protocol":"http","method":"get","successCode":[200,301],"timeoutSeconds":3,"url":"yandex.ru","state":"up","lastChecked":1633677872745},"outcome":{"error":false,"responseCode":301},"state":"up","alert":false,"time":1633677932143}
{"check":{"id":"sbvoky3ugb79ap6aisc7","userPhone":"+79179467255","protocol":"http","method":"get","successCode":[200,301],"timeoutSeconds":3,"url":"yandex.ru","state":"up","lastChecked":1633677932143},"outcome":{"error":false,"responseCode":301},"state":"up","alert":false,"time":1633677992114}
{"check":{"id":"sbvoky3ugb79ap6aisc7","userPhone":"+79179467255","protocol":"http","method":"get","successCode":[200,301],"timeoutSeconds":3,"url":"yandex.ru","state":"up","lastChecked":1633677992114},"outcome":{"error":false,"responseCode":301},"state":"up","alert":false,"time":1633678052052}
{"check":{"id":"sbvoky3ugb79ap6aisc7","userPhone":"+79179467255","protocol":"http","method":"get","successCode":[200,301],"timeoutSeconds":3,"url":"yandex.ru","state":"up","lastChecked":1633678052052},"outcome":{"error":false,"responseCode":301},"state":"up","alert":false,"time":1633678112121}
{"check":{"id":"sbvoky3ugb79ap6aisc7","userPhone":"+79179467255","protocol":"http","method":"get","successCode":[200,301],"timeoutSeconds":3,"url":"yandex.ru","state":"up","lastChecked":1633678112121},"outcome":{"error":false,"responseCode":301},"state":"up","alert":false,"time":1633678172124}
{"check":{"id":"sbvoky3ugb79ap6aisc7","userPhone":"+79179467255","protocol":"http","method":"get","successCode":[200,301],"timeoutSeconds":3,"url":"yandex.ru","state":"up","lastChecked":1633678172124},"outcome":{"error":false,"responseCode":301},"state":"up","alert":false,"time":1633678234027}
{"check":{"id":"sbvoky3ugb79ap6aisc7","userPhone":"+79179467255","protocol":"http","method":"get","successCode":[200,301],"timeoutSeconds":3,"url":"yandex.ru","state":"up","lastChecked":1633678234027},"outcome":{"error":{"error":true,"value":"timeout"},"responseCode":false},"state":"down","alert":true,"time":1633678296683}
{"check":{"id":"sbvoky3ugb79ap6aisc7","userPhone":"+79179467255","protocol":"http","method":"get","successCode":[200,301],"timeoutSeconds":3,"url":"yandex.ru","state":"down","lastChecked":1633678296683},"outcome":{"error":false,"responseCode":302},"state":"down","alert":false,"time":1633678352138}
{"check":{"id":"sbvoky3ugb79ap6aisc7","userPhone":"+79179467255","protocol":"http","method":"get","successCode":[200,301],"timeoutSeconds":3,"url":"yandex.ru","state":"down","lastChecked":1633678352138},"outcome":{"error":false,"responseCode":302},"state":"down","alert":false,"time":1633678412273}
